Using pre-set license
Built from '2020.3/staging' branch; Version is '2020.3.30f1 (1fb1bf06830e) revision 2077119'; Using compiler version '192528614'; Build Type 'Release'
OS: 'Windows 10  (10.0.19044) 64bit Core' Language: 'no' Physical Memory: 16262 MB
BatchMode: 1, IsHumanControllingUs: 0, StartBugReporterOnCrash: 0, Is64bit: 1, IsPro: 0

COMMAND LINE ARGUMENTS:
C:\Program Files\Unity\Hub\Editor\2020.3.30f1\Editor\Unity.exe
-adb2
-batchMode
-noUpm
-name
AssetImportWorker0
-projectPath
C:/Users/op_11/Desktop/modelGame
-logFile
Logs/AssetImportWorker0.log
-srvPort
54151
Successfully changed project path to: C:/Users/op_11/Desktop/modelGame
C:/Users/op_11/Desktop/modelGame
Using Asset Import Pipeline V2.
Refreshing native plugins compatible for Editor in 37.89 ms, found 2 plugins.
Preloading 0 native plugins for Editor in 0.00 ms.
Initialize engine version: 2020.3.30f1 (1fb1bf06830e)
[Subsystems] Discovering subsystems at path C:/Program Files/Unity/Hub/Editor/2020.3.30f1/Editor/Data/Resources/UnitySubsystems
[Subsystems] Discovering subsystems at path C:/Users/op_11/Desktop/modelGame/Assets
GfxDevice: creating device client; threaded=0
Direct3D:
    Version:  Direct3D 11.0 [level 11.1]
    Renderer: Intel(R) HD Graphics 620 (ID=0x5916)
    Vendor:   
    VRAM:     8131 MB
    Driver:   24.20.100.6344
Initialize mono
Mono path[0] = 'C:/Program Files/Unity/Hub/Editor/2020.3.30f1/Editor/Data/Managed'
Mono path[1] = 'C:/Program Files/Unity/Hub/Editor/2020.3.30f1/Editor/Data/MonoBleedingEdge/lib/mono/unityjit'
Mono config path = 'C:/Program Files/Unity/Hub/Editor/2020.3.30f1/Editor/Data/MonoBleedingEdge/etc'
Using monoOptions --debugger-agent=transport=dt_socket,embedding=1,server=y,suspend=n,address=127.0.0.1:56952
Begin MonoManager ReloadAssembly
Registering precompiled unity dll's ...
Register platform support module: C:/Program Files/Unity/Hub/Editor/2020.3.30f1/Editor/Data/PlaybackEngines/WindowsStandaloneSupport/UnityEditor.WindowsStandalone.Extensions.dll
Registered in 0.002501 seconds.
Native extension for WindowsStandalone target not found
Refreshing native plugins compatible for Editor in 68.31 ms, found 2 plugins.
Preloading 0 native plugins for Editor in 0.00 ms.
Mono: successfully reloaded assembly
- Completed reload, in  1.117 seconds
Domain Reload Profiling:
	ReloadAssembly (1117ms)
		BeginReloadAssembly (89ms)
			ExecutionOrderSort (0ms)
			DisableScriptedObjects (0ms)
			BackupInstance (0ms)
			ReleaseScriptingObjects (0ms)
			CreateAndSetChildDomain (1ms)
		EndReloadAssembly (829ms)
			LoadAssemblies (87ms)
			RebuildTransferFunctionScriptingTraits (0ms)
			SetupTypeCache (305ms)
			ReleaseScriptCaches (0ms)
			RebuildScriptCaches (119ms)
			SetupLoadedEditorAssemblies (232ms)
				LogAssemblyErrors (0ms)
				InitializePlatformSupportModulesInManaged (11ms)
				SetLoadedEditorAssemblies (0ms)
				RefreshPlugins (68ms)
				BeforeProcessingInitializeOnLoad (12ms)
				ProcessInitializeOnLoadAttributes (106ms)
				ProcessInitializeOnLoadMethodAttributes (34ms)
				AfterProcessingInitializeOnLoad (0ms)
				EditorAssembliesLoaded (0ms)
			ExecutionOrderSort2 (0ms)
			AwakeInstancesAfterBackupRestoration (0ms)
Platform modules already initialized, skipping
Registering precompiled user dll's ...
Registered in 0.003404 seconds.
Begin MonoManager ReloadAssembly
Native extension for WindowsStandalone target not found
Refreshing native plugins compatible for Editor in 0.58 ms, found 2 plugins.
Preloading 0 native plugins for Editor in 0.00 ms.
Mono: successfully reloaded assembly
- Completed reload, in 12.129 seconds
Domain Reload Profiling:
	ReloadAssembly (12130ms)
		BeginReloadAssembly (270ms)
			ExecutionOrderSort (0ms)
			DisableScriptedObjects (7ms)
			BackupInstance (0ms)
			ReleaseScriptingObjects (0ms)
			CreateAndSetChildDomain (28ms)
		EndReloadAssembly (11583ms)
			LoadAssemblies (971ms)
			RebuildTransferFunctionScriptingTraits (0ms)
			SetupTypeCache (6966ms)
			ReleaseScriptCaches (11ms)
			RebuildScriptCaches (311ms)
			SetupLoadedEditorAssemblies (2979ms)
				LogAssemblyErrors (0ms)
				InitializePlatformSupportModulesInManaged (7ms)
				SetLoadedEditorAssemblies (2ms)
				RefreshPlugins (1ms)
				BeforeProcessingInitializeOnLoad (196ms)
				ProcessInitializeOnLoadAttributes (2683ms)
				ProcessInitializeOnLoadMethodAttributes (48ms)
				AfterProcessingInitializeOnLoad (42ms)
				EditorAssembliesLoaded (1ms)
			ExecutionOrderSort2 (0ms)
			AwakeInstancesAfterBackupRestoration (33ms)
Platform modules already initialized, skipping
========================================================================
Worker process is ready to serve import requests
Launched and connected shader compiler UnityShaderCompiler.exe after 0.13 seconds
Refreshing native plugins compatible for Editor in 0.90 ms, found 2 plugins.
Preloading 0 native plugins for Editor in 0.00 ms.
Unloading 1513 Unused Serialized files (Serialized files now loaded: 0)
System memory in use before: 68.0 MB.
System memory in use after: 68.1 MB.

Unloading 16 unused Assets to reduce memory usage. Loaded Objects now: 1949.
Total: 7.643100 ms (FindLiveObjects: 0.330800 ms CreateObjectMapping: 0.180100 ms MarkObjects: 6.934500 ms  DeleteObjects: 0.195100 ms)

AssetImportParameters requested are different than current active one (requested -> active):
  custom:framework-win-MediaFoundation: 216162199b28c13a410421893ffa2e32 -> 
  custom:video-decoder-ogg-theora: a1e56fd34408186e4bbccfd4996cb3dc -> 
  custom:container-muxer-webm: aa71ff27fc2769a1b78a27578f13a17b -> 
  custom:container-demuxer-webm: 4f35f7cbe854078d1ac9338744f61a02 -> 
  custom:container-demuxer-ogg: 62fdf1f143b41e24485cea50d1cbac27 -> 
  custom:video-encoder-webm-vp8: eb34c28f22e8b96e1ab97ce403110664 -> 
  custom:video-codec-MediaFoundation-h265: 746d11721c4dcdbdad8f713fa42b33f4 -> 
  custom:video-decoder-webm-vp8: 9c59270c3fd7afecdb556c50c9e8de78 -> 
  custom:audio-decoder-ogg-vorbis: bf7c407c2cedff20999df2af8eb42d56 -> 
  custom:audio-encoder-webm-vorbis: bf7c407c2cedff20999df2af8eb42d56 -> 
========================================================================
Received Import Request.
  path: Assets/Game/Scenes/pForino_5.unity
  artifactKey: Guid(7a804a19f5838431eb8f83308ba50c0f) Importer(815301076,1909f56bfc062723c751e8b465ee728b)
Start importing Assets/Game/Scenes/pForino_5.unity using Guid(7a804a19f5838431eb8f83308ba50c0f) Importer(815301076,1909f56bfc062723c751e8b465ee728b)  -> (artifact id: 'dbde0fbdd4a78e05cfc451a72a40c0d8') in 0.051094 seconds 
========================================================================
Received Import Request.
  Time since last request: 0.000379 seconds.
  path: Assets/Game/New Material.mat
  artifactKey: Guid(d40faec912569428eb5f6b02d18164f6) Importer(815301076,1909f56bfc062723c751e8b465ee728b)
Start importing Assets/Game/New Material.mat using Guid(d40faec912569428eb5f6b02d18164f6) Importer(815301076,1909f56bfc062723c751e8b465ee728b)  -> (artifact id: '043d2ec14ab49e34bac803a1a24de513') in 0.879220 seconds 
========================================================================
Received Import Request.
  Time since last request: 0.000361 seconds.
  path: Assets/Game/New Material 1.mat
  artifactKey: Guid(186503cfc05fc4517aebcb4f7a7a8fc8) Importer(815301076,1909f56bfc062723c751e8b465ee728b)
Start importing Assets/Game/New Material 1.mat using Guid(186503cfc05fc4517aebcb4f7a7a8fc8) Importer(815301076,1909f56bfc062723c751e8b465ee728b)  -> (artifact id: '2d4f34ee0f191f8f5edc659265a10b18') in 0.090939 seconds 
========================================================================
Received Import Request.
  Time since last request: 0.000330 seconds.
  path: Assets/Game/Scenes/pForino_4.unity
  artifactKey: Guid(3eca40605ca8443319fe712281c13b1d) Importer(815301076,1909f56bfc062723c751e8b465ee728b)
Start importing Assets/Game/Scenes/pForino_4.unity using Guid(3eca40605ca8443319fe712281c13b1d) Importer(815301076,1909f56bfc062723c751e8b465ee728b)  -> (artifact id: '5fd736480004cdee5df0326a77c11209') in 0.244428 seconds 
========================================================================
Received Import Request.
  Time since last request: 0.000142 seconds.
  path: Assets/Game/New Material 3.mat
  artifactKey: Guid(c7793b0e1a798425b877713bbb812b9d) Importer(815301076,1909f56bfc062723c751e8b465ee728b)
Start importing Assets/Game/New Material 3.mat using Guid(c7793b0e1a798425b877713bbb812b9d) Importer(815301076,1909f56bfc062723c751e8b465ee728b)  -> (artifact id: 'a3be1ee6a2e5c1d4cef0eebc0ff990af') in 1.914275 seconds 
========================================================================
Received Import Request.
  Time since last request: 0.000391 seconds.
  path: Assets/Game/ball.physicMaterial
  artifactKey: Guid(b8f862a7b64964f549d71dd4ebfe108b) Importer(815301076,1909f56bfc062723c751e8b465ee728b)
Start importing Assets/Game/ball.physicMaterial using Guid(b8f862a7b64964f549d71dd4ebfe108b) Importer(815301076,1909f56bfc062723c751e8b465ee728b)  -> (artifact id: '67ad09b49fb7ea83f17d80b3501b81fd') in 0.051838 seconds 
========================================================================
Received Import Request.
  Time since last request: 0.000140 seconds.
  path: Assets/Game/New Material 2.mat
  artifactKey: Guid(dee633eb003d44f9b8a5e11f1dd81f44) Importer(815301076,1909f56bfc062723c751e8b465ee728b)
Start importing Assets/Game/New Material 2.mat using Guid(dee633eb003d44f9b8a5e11f1dd81f44) Importer(815301076,1909f56bfc062723c751e8b465ee728b)  -> (artifact id: 'c69f7579985b3b96c4c23eee235d6743') in 0.363589 seconds 
========================================================================
Received Import Request.
  Time since last request: 0.000389 seconds.
  path: Assets/Game/Scenes/pForino_3.unity
  artifactKey: Guid(40b5f1bc8b8164872b31b2fd4f50a5f8) Importer(815301076,1909f56bfc062723c751e8b465ee728b)
Start importing Assets/Game/Scenes/pForino_3.unity using Guid(40b5f1bc8b8164872b31b2fd4f50a5f8) Importer(815301076,1909f56bfc062723c751e8b465ee728b)  -> (artifact id: '2b905717dbabb8f23cc53567dc2c5d4d') in 0.015261 seconds 
========================================================================
Received Import Request.
  Time since last request: 0.000354 seconds.
  path: Assets/Game
  artifactKey: Guid(2cdef879e0581454cacf3c960517c80d) Importer(815301076,1909f56bfc062723c751e8b465ee728b)
Start importing Assets/Game using Guid(2cdef879e0581454cacf3c960517c80d) Importer(815301076,1909f56bfc062723c751e8b465ee728b)  -> (artifact id: '5f77b62449caf7cbe470ee82af6a4d75') in 0.010842 seconds 
========================================================================
Received Import Request.
  Time since last request: 0.000326 seconds.
  path: Assets/Game/Scenes/pForino_6.unity
  artifactKey: Guid(9c8429394c5184326864167362f125cb) Importer(815301076,1909f56bfc062723c751e8b465ee728b)
Start importing Assets/Game/Scenes/pForino_6.unity using Guid(9c8429394c5184326864167362f125cb) Importer(815301076,1909f56bfc062723c751e8b465ee728b)  -> (artifact id: '91b541713cc130aed22177df66694527') in 0.014594 seconds 
========================================================================
Received Import Request.
  Time since last request: 0.000135 seconds.
  path: Assets/Game/Scenes
  artifactKey: Guid(eb9e2db14081a4257840e0b88f5d2be8) Importer(815301076,1909f56bfc062723c751e8b465ee728b)
Start importing Assets/Game/Scenes using Guid(eb9e2db14081a4257840e0b88f5d2be8) Importer(815301076,1909f56bfc062723c751e8b465ee728b)  -> (artifact id: 'b53dcfdc5960b3887ee17b45bad1d363') in 0.839096 seconds 
========================================================================
Received Import Request.
  Time since last request: 0.276401 seconds.
  path: Assets/Game/Scenes/pForino_2.unity
  artifactKey: Guid(61c84863495df4c869f4107c28a47bf1) Importer(815301076,1909f56bfc062723c751e8b465ee728b)
Start importing Assets/Game/Scenes/pForino_2.unity using Guid(61c84863495df4c869f4107c28a47bf1) Importer(815301076,1909f56bfc062723c751e8b465ee728b)  -> (artifact id: '194cc5de62ae4d1bf86e7478d59194cd') in 0.158855 seconds 
========================================================================
Received Import Request.
  Time since last request: 0.878577 seconds.
  path: Assets/Game/Scenes/pForino_1.unity
  artifactKey: Guid(6c24bbfb50d27454badda8642436a992) Importer(815301076,1909f56bfc062723c751e8b465ee728b)
Start importing Assets/Game/Scenes/pForino_1.unity using Guid(6c24bbfb50d27454badda8642436a992) Importer(815301076,1909f56bfc062723c751e8b465ee728b)  -> (artifact id: 'ebfa81b61474c74ba333991f5c2be8ea') in 0.017254 seconds 
========================================================================
Received Import Request.
  Time since last request: 3.707170 seconds.
  path: Assets/Game/Scenes/SampleScene.unity
  artifactKey: Guid(9fc0d4010bbf28b4594072e72b8655ab) Importer(815301076,1909f56bfc062723c751e8b465ee728b)
Start importing Assets/Game/Scenes/SampleScene.unity using Guid(9fc0d4010bbf28b4594072e72b8655ab) Importer(815301076,1909f56bfc062723c751e8b465ee728b)  -> (artifact id: 'dcc088d1731b590f9572c6f2bab98c6a') in 0.014236 seconds 
========================================================================
Received Prepare
Registering precompiled user dll's ...
Registered in 0.047149 seconds.
Begin MonoManager ReloadAssembly
Native extension for WindowsStandalone target not found
Refreshing native plugins compatible for Editor in 0.65 ms, found 2 plugins.
Preloading 0 native plugins for Editor in 0.00 ms.
Mono: successfully reloaded assembly
- Completed reload, in  3.092 seconds
Domain Reload Profiling:
	ReloadAssembly (3098ms)
		BeginReloadAssembly (392ms)
			ExecutionOrderSort (0ms)
			DisableScriptedObjects (10ms)
			BackupInstance (0ms)
			ReleaseScriptingObjects (0ms)
			CreateAndSetChildDomain (143ms)
		EndReloadAssembly (2535ms)
			LoadAssemblies (287ms)
			RebuildTransferFunctionScriptingTraits (0ms)
			SetupTypeCache (1257ms)
			ReleaseScriptCaches (1ms)
			RebuildScriptCaches (196ms)
			SetupLoadedEditorAssemblies (616ms)
				LogAssemblyErrors (0ms)
				InitializePlatformSupportModulesInManaged (13ms)
				SetLoadedEditorAssemblies (1ms)
				RefreshPlugins (1ms)
				BeforeProcessingInitializeOnLoad (125ms)
				ProcessInitializeOnLoadAttributes (440ms)
				ProcessInitializeOnLoadMethodAttributes (22ms)
				AfterProcessingInitializeOnLoad (14ms)
				EditorAssembliesLoaded (0ms)
			ExecutionOrderSort2 (0ms)
			AwakeInstancesAfterBackupRestoration (16ms)
Platform modules already initialized, skipping
Refreshing native plugins compatible for Editor in 2.47 ms, found 2 plugins.
Preloading 0 native plugins for Editor in 0.00 ms.
Unloading 1507 Unused Serialized files (Serialized files now loaded: 0)
System memory in use before: 71.2 MB.
System memory in use after: 71.4 MB.

Unloading 11 unused Assets to reduce memory usage. Loaded Objects now: 1991.
Total: 9.067200 ms (FindLiveObjects: 0.394300 ms CreateObjectMapping: 0.177900 ms MarkObjects: 8.420100 ms  DeleteObjects: 0.073000 ms)

AssetImportParameters requested are different than current active one (requested -> active):
  custom:framework-win-MediaFoundation: 216162199b28c13a410421893ffa2e32 -> 
  custom:video-decoder-ogg-theora: a1e56fd34408186e4bbccfd4996cb3dc -> 
  custom:container-muxer-webm: aa71ff27fc2769a1b78a27578f13a17b -> 
  custom:container-demuxer-webm: 4f35f7cbe854078d1ac9338744f61a02 -> 
  custom:container-demuxer-ogg: 62fdf1f143b41e24485cea50d1cbac27 -> 
  custom:video-encoder-webm-vp8: eb34c28f22e8b96e1ab97ce403110664 -> 
  custom:video-codec-MediaFoundation-h265: 746d11721c4dcdbdad8f713fa42b33f4 -> 
  custom:video-decoder-webm-vp8: 9c59270c3fd7afecdb556c50c9e8de78 -> 
  custom:audio-decoder-ogg-vorbis: bf7c407c2cedff20999df2af8eb42d56 -> 
  custom:audio-encoder-webm-vorbis: bf7c407c2cedff20999df2af8eb42d56 -> 
AssetImportWorkerClient::OnTransportError - code=2 error=End of file
